This is pdfTeX, Version 3.14159265-2.6-1.40.20 (TeX Live 2019) (preloaded format=pdflatex 2019.5.8)  22 AUG 2022 21:30
entering extended mode
 restricted \write18 enabled.
 file:line:error style messages enabled.
 %&-line parsing enabled.
**altacv.cls
(./altacv.cls
LaTeX2e <2018-12-01>

LaTeX Warning: You have requested package `',
               but the package provides `altacv'.

Package: altacv 

./altacv.cls:5: LaTeX Error: Missing \begin{document}.

See the LaTeX manual or LaTeX Companion for explanation.
Type  H <return>  for immediate help.
 ...                                              
                                                  
l.5 \newif\if@
              academicons
? 
./altacv.cls:5: Emergency stop.
 ...                                              
                                                  
l.5 \newif\if@
              academicons
You're in trouble here.  Try typing  <return>  to proceed.
If that doesn't work, type  X <return>  to quit.

 
Here is how much of TeX's memory you used:
 10 strings out of 492616
 274 string characters out of 6129482
 57124 words of memory out of 5000000
 4028 multiletter control sequences out of 15000+600000
 3640 words of font info for 14 fonts, out of 8000000 for 9000
 1141 hyphenation exceptions out of 8191
 7i,0n,8p,49b,14s stack positions out of 5000i,500n,10000p,200000b,80000s
./altacv.cls:5:  ==> Fatal error occurred, no output PDF file produced!
